# JRE version: OpenJDK Runtime Environment Temurin-21.0.4+7 (21.0.4+7) (build 21.0.4+7-LTS)
# Java VM: OpenJDK 64-Bit Server VM Temurin-21.0.4+7 (21.0.4+7-LTS, mixed mode, tiered, compressed oops, compressed class ptrs, g1 gc, windows-amd64)
GC Precious Log:
 CardTable entry size: 512
 Card Set container configuration: InlinePtr #cards 4 size 8 Array Of Cards #cards 16 size 48 Howl #buckets 8 coarsen threshold 3686 Howl Bitmap #cards 512 size 80 coarsen threshold 460 Card regions per heap region 1 cards per card region 4096
 CPUs: 12 total, 12 available
 Memory: 14140M
 Large Page Support: Disabled
 NUMA Support: Disabled
 Compressed Oops: Enabled (Zero based)
 Heap Region Size: 2M
 Heap Min Capacity: 8M
 Heap Initial Capacity: 222M
 Heap Max Capacity: 3536M
 Pre-touch: Disabled
 Parallel Workers: 10
 Concurrent Workers: 3
 Concurrent Refinement Workers: 10
 Periodic GC: Disabled
Heap:
 garbage-first heap   total 79872K, used 47552K [0x0000000723000000, 0x0000000800000000)
  region size 2048K, 3 young (6144K), 2 survivors (4096K)
 Metaspace       used 96822K, committed 97664K, reserved 1179648K
  class space    used 12832K, committed 13184K, reserved 1048576K
GC Heap History (20 events):
Event: 5.503 GC heap before
{Heap before GC invocations=16 (full 0):
 garbage-first heap   total 61440K, used 51086K [0x0000000723000000, 0x0000000800000000)
  region size 2048K, 14 young (28672K), 2 survivors (4096K)
 Metaspace       used 75244K, committed 75968K, reserved 1179648K
  class space    used 9853K, committed 10176K, reserved 1048576K
}
Event: 5.506 GC heap after
{Heap after GC invocations=17 (full 0):
 garbage-first heap   total 61440K, used 28747K [0x0000000723000000, 0x0000000800000000)
  region size 2048K, 2 young (4096K), 2 survivors (4096K)
 Metaspace       used 75244K, committed 75968K, reserved 1179648K
  class space    used 9853K, committed 10176K, reserved 1048576K
}
Event: 5.855 GC heap before
{Heap before GC invocations=17 (full 0):
 garbage-first heap   total 61440K, used 49227K [0x0000000723000000, 0x0000000800000000)
  region size 2048K, 13 young (26624K), 2 survivors (4096K)
 Metaspace       used 80457K, committed 81152K, reserved 1179648K
  class space    used 10663K, committed 10944K, reserved 1048576K
}
Event: 5.857 GC heap after
{Heap after GC invocations=18 (full 0):
 garbage-first heap   total 61440K, used 31368K [0x0000000723000000, 0x0000000800000000)
  region size 2048K, 2 young (4096K), 2 survivors (4096K)
 Metaspace       used 80457K, committed 81152K, reserved 1179648K
  class space    used 10663K, committed 10944K, reserved 1048576K
}
Event: 6.018 GC heap before
{Heap before GC invocations=19 (full 0):
 garbage-first heap   total 61440K, used 47752K [0x0000000723000000, 0x0000000800000000)
  region size 2048K, 11 young (22528K), 2 survivors (4096K)
 Metaspace       used 80972K, committed 81728K, reserved 1179648K
  class space    used 10774K, committed 11136K, reserved 1048576K
}
Event: 6.021 GC heap after
{Heap after GC invocations=20 (full 0):
 garbage-first heap   total 61440K, used 32338K [0x0000000723000000, 0x0000000800000000)
  region size 2048K, 2 young (4096K), 2 survivors (4096K)
 Metaspace       used 80972K, committed 81728K, reserved 1179648K
  class space    used 10774K, committed 11136K, reserved 1048576K
}
Event: 6.285 GC heap before
{Heap before GC invocations=20 (full 0):
 garbage-first heap   total 61440K, used 48722K [0x0000000723000000, 0x0000000800000000)
  region size 2048K, 11 young (22528K), 2 survivors (4096K)
 Metaspace       used 84736K, committed 85504K, reserved 1179648K
  class space    used 11476K, committed 11840K, reserved 1048576K
}
Event: 6.289 GC heap after
{Heap after GC invocations=21 (full 0):
 garbage-first heap   total 73728K, used 33074K [0x0000000723000000, 0x0000000800000000)
  region size 2048K, 2 young (4096K), 2 survivors (4096K)
 Metaspace       used 84736K, committed 85504K, reserved 1179648K
  class space    used 11476K, committed 11840K, reserved 1048576K
}
Event: 6.493 GC heap before
{Heap before GC invocations=21 (full 0):
 garbage-first heap   total 73728K, used 61746K [0x0000000723000000, 0x0000000800000000)
  region size 2048K, 16 young (32768K), 2 survivors (4096K)
 Metaspace       used 85546K, committed 86272K, reserved 1179648K
  class space    used 11548K, committed 11904K, reserved 1048576K
}
Event: 6.497 GC heap after
{Heap after GC invocations=22 (full 0):
 garbage-first heap   total 73728K, used 37762K [0x0000000723000000, 0x0000000800000000)
  region size 2048K, 2 young (4096K), 2 survivors (4096K)
 Metaspace       used 85546K, committed 86272K, reserved 1179648K
  class space    used 11548K, committed 11904K, reserved 1048576K
}
Event: 6.556 GC heap before
{Heap before GC invocations=22 (full 0):
 garbage-first heap   total 73728K, used 62338K [0x0000000723000000, 0x0000000800000000)
  region size 2048K, 14 young (28672K), 2 survivors (4096K)
 Metaspace       used 85566K, committed 86336K, reserved 1179648K
  class space    used 11548K, committed 11904K, reserved 1048576K
}
Event: 6.559 GC heap after
{Heap after GC invocations=23 (full 0):
 garbage-first heap   total 73728K, used 42231K [0x0000000723000000, 0x0000000800000000)
  region size 2048K, 2 young (4096K), 2 survivors (4096K)
 Metaspace       used 85566K, committed 86336K, reserved 1179648K
  class space    used 11548K, committed 11904K, reserved 1048576K
}
Event: 6.881 GC heap before
{Heap before GC invocations=23 (full 0):
 garbage-first heap   total 73728K, used 62711K [0x0000000723000000, 0x0000000800000000)
  region size 2048K, 12 young (24576K), 2 survivors (4096K)
 Metaspace       used 87942K, committed 88704K, reserved 1179648K
  class space    used 11868K, committed 12224K, reserved 1048576K
}
Event: 6.884 GC heap after
{Heap after GC invocations=24 (full 0):
 garbage-first heap   total 73728K, used 44602K [0x0000000723000000, 0x0000000800000000)
  region size 2048K, 2 young (4096K), 2 survivors (4096K)
 Metaspace       used 87942K, committed 88704K, reserved 1179648K
  class space    used 11868K, committed 12224K, reserved 1048576K
}
Event: 11.868 GC heap before
{Heap before GC invocations=25 (full 0):
 garbage-first heap   total 79872K, used 58938K [0x0000000723000000, 0x0000000800000000)
  region size 2048K, 10 young (20480K), 2 survivors (4096K)
 Metaspace       used 91246K, committed 92032K, reserved 1179648K
  class space    used 12329K, committed 12672K, reserved 1048576K
}
Event: 11.871 GC heap after
{Heap after GC invocations=26 (full 0):
 garbage-first heap   total 79872K, used 45648K [0x0000000723000000, 0x0000000800000000)
  region size 2048K, 2 young (4096K), 2 survivors (4096K)
 Metaspace       used 91246K, committed 92032K, reserved 1179648K
  class space    used 12329K, committed 12672K, reserved 1048576K
}
Event: 1584.050 GC heap before
{Heap before GC invocations=26 (full 0):
 garbage-first heap   total 79872K, used 68176K [0x0000000723000000, 0x0000000800000000)
  region size 2048K, 13 young (26624K), 2 survivors (4096K)
 Metaspace       used 95970K, committed 96768K, reserved 1179648K
  class space    used 12829K, committed 13184K, reserved 1048576K
}
Event: 1584.074 GC heap after
{Heap after GC invocations=27 (full 0):
 garbage-first heap   total 79872K, used 46707K [0x0000000723000000, 0x0000000800000000)
  region size 2048K, 2 young (4096K), 2 survivors (4096K)
 Metaspace       used 95970K, committed 96768K, reserved 1179648K
  class space    used 12829K, committed 13184K, reserved 1048576K
}
Event: 4936.964 GC heap before
{Heap before GC invocations=27 (full 0):
 garbage-first heap   total 79872K, used 67187K [0x0000000723000000, 0x0000000800000000)
  region size 2048K, 12 young (24576K), 2 survivors (4096K)
 Metaspace       used 96822K, committed 97664K, reserved 1179648K
  class space    used 12832K, committed 13184K, reserved 1048576K
}
Event: 4937.007 GC heap after
{Heap after GC invocations=28 (full 0):
 garbage-first heap   total 79872K, used 47552K [0x0000000723000000, 0x0000000800000000)
  region size 2048K, 2 young (4096K), 2 survivors (4096K)
 Metaspace       used 96822K, committed 97664K, reserved 1179648K
  class space    used 12832K, committed 13184K, reserved 1048576K
}

